0 info it worked if it ends with ok
1 verbose cli [ 'D:\\software\\dev\\nodejs\\node.exe',
1 verbose cli   'C:\\Users\\qianlu\\AppData\\Roaming\\npm\\node_modules\\npm\\bin\\npm-cli.js',
1 verbose cli   'start' ]
2 info using npm@3.10.6
3 info using node@v8.3.0
4 verbose run-script [ 'prestart', 'start', 'poststart' ]
5 info lifecycle react_webpack_demo@1.0.0~prestart: react_webpack_demo@1.0.0
6 silly lifecycle react_webpack_demo@1.0.0~prestart: no script for prestart, continuing
7 info lifecycle react_webpack_demo@1.0.0~start: react_webpack_demo@1.0.0
8 verbose lifecycle react_webpack_demo@1.0.0~start: unsafe-perm in lifecycle true
9 verbose lifecycle react_webpack_demo@1.0.0~start: PATH: C:\Users\qianlu\AppData\Roaming\npm\node_modules\npm\bin\node-gyp-bin;D:\worklog\MyGitRep\redux-async-demo\node_modules\.bin;D:\software\dev\python27\;D:\software\dev\python27\Scripts;C:\ProgramData\Oracle\Java\javapath;C:\Ruby23-x64\bin;C:\Program Files (x86)\Intel\iCLS Client\;C:\Program Files\Intel\iCLS Client\;C:\Windows\system32;C:\Windows;C:\Windows\System32\Wbem;C:\Windows\System32\WindowsPowerShell\v1.0\;C:\Program Files (x86)\ATI Technologies\ATI.ACE\Core-Static;C:\Program Files\Intel\Intel(R) Management Engine Components\DAL;C:\Program Files\Intel\Intel(R) Management Engine Components\IPT;C:\Program Files (x86)\Intel\Intel(R) Management Engine Components\DAL;C:\Program Files (x86)\Intel\Intel(R) Management Engine Components\IPT;D:\software\proTools\Git\cmd;C:\Users\qianlu\AppData\Roaming\npm;%JAVA_HOME%\bin;%JAVA_HOME%\jre\bin;%MAVEN_HOME%\bin;D:\software\dev\Java\jdk1.8.0\bin;D:\software\dev\apache-maven-3.0.2\bin;D:\software\dev\jdk6u10\bin;C:\Program Files\TortoiseSVN\bin;D:\software\dev\Git\cmd;D:\software\dev\Git\mingw64\bin;D:\software\dev\Git\usr\bin;D:\software\dev\nodejs\;D:\software\dev\Fiddler;D:\software\dev\Microsoft VS Code\bin;C:\Users\qianlu\AppData\Roaming\npm
10 verbose lifecycle react_webpack_demo@1.0.0~start: CWD: D:\worklog\MyGitRep\redux-async-demo
11 silly lifecycle react_webpack_demo@1.0.0~start: Args: [ '/d /s /c',
11 silly lifecycle   'webpack-dev-server --port 9000 --hot --inline --progress --colors --devtool eval' ]
12 verbose stack Error: kill ENOSYS
12 verbose stack     at Object._errnoException (util.js:1022:11)
12 verbose stack     at process.kill (internal/process.js:184:18)
12 verbose stack     at process.listener (C:\Users\qianlu\AppData\Roaming\npm\node_modules\npm\node_modules\npmlog\node_modules\gauge\node_modules\signal-exit\index.js:86:15)
12 verbose stack     at emitNone (events.js:105:13)
12 verbose stack     at process.emit (events.js:207:7)
12 verbose stack     at processEmit (C:\Users\qianlu\AppData\Roaming\npm\node_modules\npm\node_modules\npmlog\node_modules\gauge\node_modules\signal-exit\index.js:146:32)
12 verbose stack     at Signal.wrap.onsignal (internal/process.js:209:44)
13 verbose cwd D:\worklog\MyGitRep\redux-async-demo
14 error Windows_NT 6.1.7601
15 error argv "D:\\software\\dev\\nodejs\\node.exe" "C:\\Users\\qianlu\\AppData\\Roaming\\npm\\node_modules\\npm\\bin\\npm-cli.js" "start"
16 error node v8.3.0
17 error npm  v3.10.6
18 error code ENOSYS
19 error errno ENOSYS
20 error syscall kill
21 error kill ENOSYS
22 error If you need help, you may report this error at:
22 error     <https://github.com/npm/npm/issues>
23 verbose exit [ 1, true ]
